[debug] [2023-06-16T07:38:18.338Z] ----------------------------------------------------------------------
[debug] [2023-06-16T07:38:18.339Z] Command:       C:\Program Files\nodejs\node.exe C:\Users\Administrator\AppData\Roaming\npm\node_modules\firebase-tools\lib\bin\firebase.js init
[debug] [2023-06-16T07:38:18.340Z] CLI Version:   12.2.1
[debug] [2023-06-16T07:38:18.340Z] Platform:      win32
[debug] [2023-06-16T07:38:18.340Z] Node Version:  v18.16.0
[debug] [2023-06-16T07:38:18.341Z] Time:          Fri Jun 16 2023 14:38:18 GMT+0700 (Indochina Time)
[debug] [2023-06-16T07:38:18.341Z] ----------------------------------------------------------------------
[debug] 
[debug] [2023-06-16T07:38:18.343Z] >>> [apiv2][query] GET https://firebase-public.firebaseio.com/cli.json [none]
[debug] [2023-06-16T07:38:18.380Z] > command requires scopes: ["email","openid","https://www.googleapis.com/auth/cloudplatformprojects.readonly","https://www.googleapis.com/auth/firebase","https://www.googleapis.com/auth/cloud-platform"]
[debug] [2023-06-16T07:38:18.381Z] > authorizing via signed-in user (khoavencyti@gmail.com)
[info] 
     ######## #### ########  ######## ########     ###     ######  ########
     ##        ##  ##     ## ##       ##     ##  ##   ##  ##       ##
     ######    ##  ########  ######   ########  #########  ######  ######
     ##        ##  ##    ##  ##       ##     ## ##     ##       ## ##
     ##       #### ##     ## ######## ########  ##     ##  ######  ########

You're about to initialize a Firebase project in this directory:

  D:\Necakco\Necakco-Forums

[debug] [2023-06-16T07:38:18.985Z] <<< [apiv2][status] GET https://firebase-public.firebaseio.com/cli.json 200
[debug] [2023-06-16T07:38:18.986Z] <<< [apiv2][body] GET https://firebase-public.firebaseio.com/cli.json {"cloudBuildErrorAfter":1594252800000,"cloudBuildWarnAfter":1590019200000,"defaultNode10After":1594252800000,"minVersion":"3.0.5","node8DeploysDisabledAfter":1613390400000,"node8RuntimeDisabledAfter":1615809600000,"node8WarnAfter":1600128000000}
